<?xml version="1.0" encoding="UTF-8"?>
<!-- Generated by org.testng.reporters.JUnitXMLReporter -->
<testsuite hostname="CPX-R8XMCY77B44" ignored="0" name="testSuite" tests="14" failures="0" timestamp="26 avr. 2018 07:12:36 GMT" time="248.16" errors="0">
  <testcase name="@AfterClass afterTest" time="22.512" classname="utils.Driver">
    <failure type="org.openqa.selenium.WebDriverException" message="Timed out waiting for driver server to shutdown.
Build info: version: &amp;apos;3.4.0&amp;apos;, revision: &amp;apos;unknown&amp;apos;, time: &amp;apos;unknown&amp;apos;
System info: host: &amp;apos;CPX-R8XMCY77B44&amp;apos;, ip: &amp;apos;10.105.61.158&amp;apos;, os.name: &amp;apos;Windows 10&amp;apos;, os.arch: &amp;apos;amd64&amp;apos;, os.version: &amp;apos;10.0&amp;apos;, java.version: &amp;apos;1.8.0_161&amp;apos;
Driver info: driver.version: Driver">
      <![CDATA[org.openqa.selenium.WebDriverException: Timed out waiting for driver server to shutdown.
Build info: version: '3.4.0', revision: 'unknown', time: 'unknown'
System info: host: 'CPX-R8XMCY77B44', ip: '10.105.61.158', os.name: 'Windows 10', os.arch: 'amd64', os.version: '10.0', java.version: '1.8.0_161'
Driver info: driver.version: Driver
at org.openqa.selenium.remote.service.DriverService.stop(DriverService.java:218)
at org.openqa.selenium.remote.service.DriverCommandExecutor.execute(DriverCommandExecutor.java:94)
at org.openqa.selenium.remote.RemoteWebDriver.execute(RemoteWebDriver.java:637)
at org.openqa.selenium.remote.RemoteWebDriver.execute(RemoteWebDriver.java:694)
at org.openqa.selenium.remote.RemoteWebDriver.quit(RemoteWebDriver.java:533)
at utils.Driver.afterTest(Driver.java:627)
Caused by: org.openqa.selenium.net.UrlChecker$TimeoutException: Timed out waiting for http://localhost:16609/shutdown to become unavailable after 3070 ms
at org.openqa.selenium.net.UrlChecker.waitUntilUnavailable(UrlChecker.java:146)
at org.openqa.selenium.remote.service.DriverService.stop(DriverService.java:214)
... 31 more
Caused by: com.google.common.util.concurrent.UncheckedTimeoutException: java.util.concurrent.TimeoutException
at com.google.common.util.concurrent.SimpleTimeLimiter.callWithTimeout(SimpleTimeLimiter.java:140)
at org.openqa.selenium.net.UrlChecker.waitUntilUnavailable(UrlChecker.java:120)
... 32 more
Caused by: java.util.concurrent.TimeoutException
at java.util.concurrent.FutureTask.get(Unknown Source)
at com.google.common.util.concurrent.SimpleTimeLimiter.callWithTimeout(SimpleTimeLimiter.java:128)
... 33 more
... Removed 26 stack frames]]>
    </failure>
  </testcase> <!-- @AfterClass afterTest -->
  <testcase name="login" time="19.259" classname="account.NewAccountTest"/>
  <testcase name="accessAccountTab" time="10.526" classname="account.NewAccountTest"/>
  <testcase name="clicNewAccountBtn" time="3.179" classname="account.NewAccountTest"/>
  <testcase name="checkNewAccountVisibleFields" time="4.346" classname="account.NewAccountTest"/>
  <testcase name="checkNewAccountEditableFields" time="6.541" classname="account.NewAccountTest"/>
  <testcase name="checkEditPageButtons" time="0.568" classname="account.NewAccountTest"/>
  <testcase name="fillNewAccountFields" time="78.319" classname="account.NewAccountTest"/>
  <testcase name="clickSaveButton" time="2.218" classname="account.NewAccountTest"/>
  <testcase name="saveMultipleAccounts" time="3.841" classname="account.NewAccountTest"/>
  <testcase name="checkAccountViewPageLabels" time="3.788" classname="account.NewAccountTest"/>
  <testcase name="validateNewAccount" time="3.634" classname="account.NewAccountTest"/>
  <testcase name="checkViewPageButtons" time="0.631" classname="account.NewAccountTest"/>
  <testcase name="checkRelatedLists" time="4.774" classname="account.NewAccountTest"/>
  <testcase name="logoutAndClose" time="6.935" classname="account.NewAccountTest"/>
</testsuite> <!-- testSuite -->
