<html>
<head>
<title>TestNG:  testSuite</title>
<link href="../testng.css" rel="stylesheet" type="text/css" />
<link href="../my-testng.css" rel="stylesheet" type="text/css" />

<style type="text/css">
.log { display: none;} 
.stack-trace { display: none;} 
</style>
<script type="text/javascript">
<!--
function flip(e) {
  current = e.style.display;
  if (current == 'block') {
    e.style.display = 'none';
    return 0;
  }
  else {
    e.style.display = 'block';
    return 1;
  }
}

function toggleBox(szDivId, elem, msg1, msg2)
{
  var res = -1;  if (document.getElementById) {
    res = flip(document.getElementById(szDivId));
  }
  else if (document.all) {
    // this is the way old msie versions work
    res = flip(document.all[szDivId]);
  }
  if(elem) {
    if(res == 0) elem.innerHTML = msg1; else elem.innerHTML = msg2;
  }

}

function toggleAllBoxes() {
  if (document.getElementsByTagName) {
    d = document.getElementsByTagName('div');
    for (i = 0; i < d.length; i++) {
      if (d[i].className == 'log') {
        flip(d[i]);
      }
    }
  }
}

// -->
</script>

</head>
<body>
<h2 align='center'>testSuite</h2><table border='1' align="center">
<tr>
<td>Tests passed/Failed/Skipped:</td><td>14/0/0</td>
</tr><tr>
<td>Started on:</td><td>Thu Apr 26 09:08:28 CEST 2018</td>
</tr>
<tr><td>Total time:</td><td>248 seconds (248160 ms)</td>
</tr><tr>
<td>Included groups:</td><td></td>
</tr><tr>
<td>Excluded groups:</td><td></td>
</tr>
</table><p/>
<small><i>(Hover the method name to see the test class name)</i></small><p/>
<table width='100%' border='1' class='invocation-failed'>
<tr><td colspan='4' align='center'><b>FAILED CONFIGURATIONS</b></td></tr>
<tr><td><b>Test method</b></td>
<td width="30%"><b>Exception</b></td>
<td width="10%"><b>Time (seconds)</b></td>
<td><b>Instance</b></td>
</tr>
<tr>
<td title='account.NewAccountTest.afterTest()'><b>afterTest</b><br>Test class: account.NewAccountTest</td>
<td><div><pre>org.openqa.selenium.WebDriverException: Timed out waiting for driver server to shutdown.
Build info: version: &apos;3.4.0&apos;, revision: &apos;unknown&apos;, time: &apos;unknown&apos;
System info: host: &apos;CPX-R8XMCY77B44&apos;, ip: &apos;10.105.61.158&apos;, os.name: &apos;Windows 10&apos;, os.arch: &apos;amd64&apos;, os.version: &apos;10.0&apos;, java.version: &apos;1.8.0_161&apos;
Driver info: driver.version: Driver
	at org.openqa.selenium.remote.service.DriverService.stop(DriverService.java:218)
	at org.openqa.selenium.remote.service.DriverCommandExecutor.execute(DriverCommandExecutor.java:94)
	at org.openqa.selenium.remote.RemoteWebDriver.execute(RemoteWebDriver.java:637)
	at org.openqa.selenium.remote.RemoteWebDriver.execute(RemoteWebDriver.java:694)
	at org.openqa.selenium.remote.RemoteWebDriver.quit(RemoteWebDriver.java:533)
	at utils.Driver.afterTest(Driver.java:627)
Caused by: org.openqa.selenium.net.UrlChecker$TimeoutException: Timed out waiting for http://localhost:16609/shutdown to become unavailable after 3070 ms
	at org.openqa.selenium.net.UrlChecker.waitUntilUnavailable(UrlChecker.java:146)
	at org.openqa.selenium.remote.service.DriverService.stop(DriverService.java:214)
	... 31 more
Caused by: com.google.common.util.concurrent.UncheckedTimeoutException: java.util.concurrent.TimeoutException
	at com.google.common.util.concurrent.SimpleTimeLimiter.callWithTimeout(SimpleTimeLimiter.java:140)
	at org.openqa.selenium.net.UrlChecker.waitUntilUnavailable(UrlChecker.java:120)
	... 32 more
Caused by: java.util.concurrent.TimeoutException
	at java.util.concurrent.FutureTask.get(Unknown Source)
	at com.google.common.util.concurrent.SimpleTimeLimiter.callWithTimeout(SimpleTimeLimiter.java:128)
	... 33 more
... Removed 26 stack frames</pre></div><a href='#' onClick='toggleBox("stack-trace250112971", this, "Click to show all stack frames", "Click to hide stack frames")'>Click to show all stack frames</a>
<div class='stack-trace' id='stack-trace250112971'><pre>org.openqa.selenium.WebDriverException: Timed out waiting for driver server to shutdown.
Build info: version: &apos;3.4.0&apos;, revision: &apos;unknown&apos;, time: &apos;unknown&apos;
System info: host: &apos;CPX-R8XMCY77B44&apos;, ip: &apos;10.105.61.158&apos;, os.name: &apos;Windows 10&apos;, os.arch: &apos;amd64&apos;, os.version: &apos;10.0&apos;, java.version: &apos;1.8.0_161&apos;
Driver info: driver.version: Driver
	at org.openqa.selenium.remote.service.DriverService.stop(DriverService.java:218)
	at org.openqa.selenium.remote.service.DriverCommandExecutor.execute(DriverCommandExecutor.java:94)
	at org.openqa.selenium.remote.RemoteWebDriver.execute(RemoteWebDriver.java:637)
	at org.openqa.selenium.remote.RemoteWebDriver.execute(RemoteWebDriver.java:694)
	at org.openqa.selenium.remote.RemoteWebDriver.quit(RemoteWebDriver.java:533)
	at utils.Driver.afterTest(Driver.java:627)
	at sun.reflect.NativeMethodAccessorImpl.invoke0(Native Method)
	at sun.reflect.NativeMethodAccessorImpl.invoke(Unknown Source)
	at sun.reflect.DelegatingMethodAccessorImpl.invoke(Unknown Source)
	at java.lang.reflect.Method.invoke(Unknown Source)
	at org.testng.internal.MethodInvocationHelper.invokeMethod(MethodInvocationHelper.java:124)
	at org.testng.internal.MethodInvocationHelper.invokeMethodConsideringTimeout(MethodInvocationHelper.java:59)
	at org.testng.internal.Invoker.invokeConfigurationMethod(Invoker.java:455)
	at org.testng.internal.Invoker.invokeConfigurations(Invoker.java:222)
	at org.testng.internal.Invoker.invokeConfigurations(Invoker.java:142)
	at org.testng.internal.TestMethodWorker.invokeAfterClassMethods(TestMethodWorker.java:214)
	at org.testng.internal.TestMethodWorker.run(TestMethodWorker.java:111)
	at org.testng.TestRunner.privateRun(TestRunner.java:648)
	at org.testng.TestRunner.run(TestRunner.java:505)
	at org.testng.SuiteRunner.runTest(SuiteRunner.java:455)
	at org.testng.SuiteRunner.runSequentially(SuiteRunner.java:450)
	at org.testng.SuiteRunner.privateRun(SuiteRunner.java:415)
	at org.testng.SuiteRunner.run(SuiteRunner.java:364)
	at org.testng.SuiteRunnerWorker.runSuite(SuiteRunnerWorker.java:52)
	at org.testng.SuiteRunnerWorker.run(SuiteRunnerWorker.java:84)
	at org.testng.TestNG.runSuitesSequentially(TestNG.java:1208)
	at org.testng.TestNG.runSuitesLocally(TestNG.java:1137)
	at org.testng.TestNG.runSuites(TestNG.java:1049)
	at org.testng.TestNG.run(TestNG.java:1017)
	at org.testng.remote.AbstractRemoteTestNG.run(AbstractRemoteTestNG.java:114)
	at org.testng.remote.RemoteTestNG.initAndRun(RemoteTestNG.java:251)
	at org.testng.remote.RemoteTestNG.main(RemoteTestNG.java:77)
Caused by: org.openqa.selenium.net.UrlChecker$TimeoutException: Timed out waiting for http://localhost:16609/shutdown to become unavailable after 3070 ms
	at org.openqa.selenium.net.UrlChecker.waitUntilUnavailable(UrlChecker.java:146)
	at org.openqa.selenium.remote.service.DriverService.stop(DriverService.java:214)
	... 31 more
Caused by: com.google.common.util.concurrent.UncheckedTimeoutException: java.util.concurrent.TimeoutException
	at com.google.common.util.concurrent.SimpleTimeLimiter.callWithTimeout(SimpleTimeLimiter.java:140)
	at org.openqa.selenium.net.UrlChecker.waitUntilUnavailable(UrlChecker.java:120)
	... 32 more
Caused by: java.util.concurrent.TimeoutException
	at java.util.concurrent.FutureTask.get(Unknown Source)
	at com.google.common.util.concurrent.SimpleTimeLimiter.callWithTimeout(SimpleTimeLimiter.java:128)
	... 33 more
</pre></div></td>
<td>22</td>
<td>account.NewAccountTest@757942a1</td></tr>
</table><p>
<table width='100%' border='1' class='invocation-passed'>
<tr><td colspan='4' align='center'><b>PASSED TESTS</b></td></tr>
<tr><td><b>Test method</b></td>
<td width="30%"><b>Exception</b></td>
<td width="10%"><b>Time (seconds)</b></td>
<td><b>Instance</b></td>
</tr>
<tr>
<td title='account.NewAccountTest.accessAccountTab()'><b>accessAccountTab</b><br>Test class: account.NewAccountTest</td>
<td></td>
<td>10</td>
<td>account.NewAccountTest@757942a1</td></tr>
<tr>
<td title='account.NewAccountTest.checkAccountViewPageLabels()'><b>checkAccountViewPageLabels</b><br>Test class: account.NewAccountTest</td>
<td></td>
<td>3</td>
<td>account.NewAccountTest@757942a1</td></tr>
<tr>
<td title='account.NewAccountTest.checkEditPageButtons()'><b>checkEditPageButtons</b><br>Test class: account.NewAccountTest</td>
<td></td>
<td>0</td>
<td>account.NewAccountTest@757942a1</td></tr>
<tr>
<td title='account.NewAccountTest.checkNewAccountEditableFields()'><b>checkNewAccountEditableFields</b><br>Test class: account.NewAccountTest</td>
<td></td>
<td>6</td>
<td>account.NewAccountTest@757942a1</td></tr>
<tr>
<td title='account.NewAccountTest.checkNewAccountVisibleFields()'><b>checkNewAccountVisibleFields</b><br>Test class: account.NewAccountTest</td>
<td></td>
<td>4</td>
<td>account.NewAccountTest@757942a1</td></tr>
<tr>
<td title='account.NewAccountTest.checkRelatedLists()'><b>checkRelatedLists</b><br>Test class: account.NewAccountTest</td>
<td></td>
<td>4</td>
<td>account.NewAccountTest@757942a1</td></tr>
<tr>
<td title='account.NewAccountTest.checkViewPageButtons()'><b>checkViewPageButtons</b><br>Test class: account.NewAccountTest</td>
<td></td>
<td>0</td>
<td>account.NewAccountTest@757942a1</td></tr>
<tr>
<td title='account.NewAccountTest.clicNewAccountBtn()'><b>clicNewAccountBtn</b><br>Test class: account.NewAccountTest</td>
<td></td>
<td>3</td>
<td>account.NewAccountTest@757942a1</td></tr>
<tr>
<td title='account.NewAccountTest.clickSaveButton()'><b>clickSaveButton</b><br>Test class: account.NewAccountTest</td>
<td></td>
<td>2</td>
<td>account.NewAccountTest@757942a1</td></tr>
<tr>
<td title='account.NewAccountTest.fillNewAccountFields()'><b>fillNewAccountFields</b><br>Test class: account.NewAccountTest</td>
<td></td>
<td>78</td>
<td>account.NewAccountTest@757942a1</td></tr>
<tr>
<td title='account.NewAccountTest.login()'><b>login</b><br>Test class: account.NewAccountTest<br>Parameters: sylvain.boutillot@curious-goat-340090.com, 05062004Ab!</td>
<td></td>
<td>19</td>
<td>account.NewAccountTest@757942a1</td></tr>
<tr>
<td title='account.NewAccountTest.logoutAndClose()'><b>logoutAndClose</b><br>Test class: account.NewAccountTest</td>
<td></td>
<td>6</td>
<td>account.NewAccountTest@757942a1</td></tr>
<tr>
<td title='account.NewAccountTest.saveMultipleAccounts()'><b>saveMultipleAccounts</b><br>Test class: account.NewAccountTest</td>
<td></td>
<td>3</td>
<td>account.NewAccountTest@757942a1</td></tr>
<tr>
<td title='account.NewAccountTest.validateNewAccount()'><b>validateNewAccount</b><br>Test class: account.NewAccountTest</td>
<td></td>
<td>3</td>
<td>account.NewAccountTest@757942a1</td></tr>
</table><p>
</body>
</html>