<?xml version="1.0" encoding="UTF-8"?>
<!-- Generated by org.testng.reporters.JUnitXMLReporter -->
<testsuite hostname="CPX-G8R2AVRJ7K9" ignored="0" name="Surefire test" tests="1" failures="1" timestamp="31 mai 2018 11:41:00 GMT" time="86.272" errors="0">
  <testcase name="feature" time="85.809" classname="cucumber.api.testng.AbstractTestNGCucumberTests">
    <failure type="cucumber.runtime.CucumberException" message="org.junit.ComparisonFailure: expected:&amp;lt;[tru]e&amp;gt; but was:&amp;lt;[fals]e&amp;gt;">
      <![CDATA[cucumber.runtime.CucumberException: org.junit.ComparisonFailure: expected:<[tru]e> but was:<[fals]e>
at cucumber.api.testng.TestNGCucumberRunner.runCucumber(TestNGCucumberRunner.java:69)
at cucumber.api.testng.AbstractTestNGCucumberTests.feature(AbstractTestNGCucumberTests.java:21)
Caused by: org.junit.ComparisonFailure: expected:<[tru]e> but was:<[fals]e>
at steps.AccountStep.checkNewAccountEditableFields(AccountStep.java:47)
at âœ½.Then je verifie que le champ qui suit le label Account Nameffff de la section Account Information et de type Input(non_regression_account.feature:60)
... Removed 33 stack frames]]>
    </failure>
  </testcase> <!-- feature -->
</testsuite> <!-- Surefire test -->
